[35m[Appium][39m Welcome to Appium v1.9.0
[35m[Appium][39m Non-default server args:
[35m[Appium][39m   port: 61870
[35m[Appium][39m   loglevel: info
[35m[Appium][39m   chromeDriverPort: 61872
[35m[Appium][39m   tmpDir: C:\Users\Okay\AppData\Local\Temp\\Katalon\Appium\Temp1537828460741
[35m[Appium][39m Appium REST http interface listener started on 0.0.0.0:61870
[35m[HTTP][39m [37m-->[39m [37mGET[39m [37m/wd/hub/status[39m
[35m[HTTP][39m [90m{}[39m
[35m[HTTP][39m [37m<-- GET /wd/hub/status [39m[32m200[39m [90m45 ms - 67[39m
[35m[HTTP][39m [90m[39m
[35m[HTTP][39m [37m-->[39m [37mPOST[39m [37m/wd/hub/session[39m
[35m[HTTP][39m [90m{"desiredCapabilities":{"browserName":"Chrome","deviceId":"1e6e4362","deviceName":"Xiaomi Mi MIX 2 (Android 8.0.0)","newCommandTimeout":1800,"platform":"ANDROID","platformName":"Android","udid":"1e6e4362"},"capabilities":{"desiredCapabilities":{"browserName":"Chrome","deviceId":"1e6e4362","deviceName":"Xiaomi Mi MIX 2 (Android 8.0.0)","newCommandTimeout":1800,"platform":"ANDROID","platformName":"Android","udid":"1e6e4362"},"firstMatch":[{"browserName":"Chrome","platformName":"android"}]}}[39m
[35m[Appium][39m Could not parse W3C capabilities: 'deviceName' can't be blank
[35m[Appium][39m Trying to fix W3C capabilities by merging them with JSONWP caps
[35m[BaseDriver][39m The capabilities ["deviceId","deviceName","newCommandTimeout","platform","udid"] are not standard capabilities and should have an extension prefix
[35m[Appium][39m Creating new AndroidDriver (v3.7.0) session
[35m[Appium][39m Capabilities:
[35m[Appium][39m   deviceId: 1e6e4362
[35m[Appium][39m   deviceName: Xiaomi Mi MIX 2 (Android 8.0.0)
[35m[Appium][39m   newCommandTimeout: 1800
[35m[Appium][39m   platform: ANDROID
[35m[Appium][39m   udid: 1e6e4362
[35m[Appium][39m   browserName: Chrome
[35m[Appium][39m   platformName: android
[35m[BaseDriver][39m The following capabilities were provided, but are not recognized by appium: deviceId, platform.
[35m[BaseDriver][39m Session created with session id: d6fcb1e7-34ed-4dad-ab81-c2f551206646
[35m[AndroidDriver][39m Java version is: 1.8.0_181
[35m[AndroidDriver][39m We're going to run a Chrome-based session
[35m[AndroidDriver][39m Chrome-type package and activity are com.android.chrome and com.google.android.apps.chrome.Main
[35m[ADB][39m Checking whether adb is present
[35m[ADB][39m Found 1 'build-tools' folders under 'C:\Users\Okay\.katalon\tools\android_sdk' (newest first):
[35m[ADB][39m     C:/Users/Okay/.katalon/tools/android_sdk/build-tools/28.0.2
[35m[ADB][39m Using adb.exe from C:\Users\Okay\.katalon\tools\android_sdk\platform-tools\adb.exe
[35m[AndroidDriver][39m Retrieving device list
[35m[AndroidDriver][39m Using device: 1e6e4362
[35m[AndroidDriver][39m Consider setting 'automationName' capability to 'uiautomator2' on Android >= 6, since UIAutomator framework is not maintained anymore by the OS vendor.
[35m[AndroidDriver][39m App file was not listed, instead we're going to run com.android.chrome directly on the device
[35m[AndroidDriver][39m Starting Android session
[35m[AndroidDriver][39m Ignored error while installing Appium Settings helper: 'Error executing adbExec. Original error: 'Command 'C\:\\Users\\Okay\\.katalon\\tools\\android_sdk\\platform-tools\\adb.exe -P 5037 -s 1e6e4362 install -g C\:\\Users\\Okay\\AppData\\Roaming\\npm\\node_modules\\appium\\node_modules\\io.appium.settings\\app\\build\\outputs\\apk\\settings_apk-debug.apk' exited with code 1'; Stderr: 'adb: failed to install C:\Users\Okay\AppData\Roaming\npm\node_modules\appium\node_modules\io.appium.settings\app\build\outputs\apk\settings_apk-debug.apk: Failure [INSTALL_FAILED_USER_RESTRICTED: Install canceled by user]'; Code: '1''. Manually uninstalling the application with package id 'io.appium.settings' may help. Expect some Appium features may not work as expected unless this problem is fixed.
[35m[AndroidDriver][39m Failed to launch settings app: Cannot start the 'io.appium.settings' application. Visit https://github.com/appium/appium/blob/master/docs/en/writing-running-appium/android/activity-startup.md for troubleshooting. Original error: Activity name '.Settings' used to start the app doesn't exist or cannot be launched! Make sure it exists and is a launchable activity
[35m[AndroidDriver][39m Unable to set mock location for app 'io.appium.settings': Error executing adbExec. Original error: 'Command 'C\:\\Users\\Okay\\.katalon\\tools\\android_sdk\\platform-tools\\adb.exe -P 5037 -s 1e6e4362 shell appops set io.appium.settings android\:mock_location allow' exited with code 4294967295'; Stderr: 'Error: No UID for io.appium.settings in user 0'; Code: '4294967295'
[35m[AndroidDriver][39m setDeviceLanguageCountry requires language or country.
[35m[AndroidDriver][39m Got language: 'null' and country: 'null'
[35m[AndroidDriver][39m Ignored error while installing Appium Unlock helper: 'Error executing adbExec. Original error: 'Command 'C\:\\Users\\Okay\\.katalon\\tools\\android_sdk\\platform-tools\\adb.exe -P 5037 -s 1e6e4362 install -g C\:\\Users\\Okay\\AppData\\Roaming\\npm\\node_modules\\appium\\node_modules\\appium-unlock\\bin\\unlock_apk-debug.apk' exited with code 1'; Stderr: 'adb: failed to install C:\Users\Okay\AppData\Roaming\npm\node_modules\appium\node_modules\appium-unlock\bin\unlock_apk-debug.apk: Failure [INSTALL_FAILED_USER_RESTRICTED: Install canceled by user]'; Code: '1''. Manually uninstalling the application with package id 'io.appium.unlock' may help. Expect some Appium features may not work as expected unless this problem is fixed.
[35m[ADB][39m Getting device platform version
[35m[AndroidDriver][39m No app sent in, not parsing package/activity
[35m[ADB][39m No uiautomator process found to kill, continuing...
[35m[AndroidBootstrap][39m Android bootstrap socket is now connected
[35m[AndroidDriver][39m Screen already unlocked, doing nothing
[35m[AndroidDriver][39m Starting a chrome-based browser session
[35m[Chromedriver][39m Set chromedriver binary as: C:/Users/Okay/AppData/Roaming/npm/node_modules/appium/node_modules/appium-chromedriver/chromedriver/win/chromedriver.exe
[35m[Chromedriver][39m No old chromedrivers seemed to exist
[35m[Chromedriver][39m Spawning chromedriver with: C:/Users/Okay/AppData/Roaming/npm/node_modules/appium/node_modules/appium-chromedriver/chromedriver/win/chromedriver.exe --url-base=wd/hub --port=61872 --adb-port=5037 --verbose
[35m[Appium][39m New AndroidDriver session created successfully, session d6fcb1e7-34ed-4dad-ab81-c2f551206646 added to master session list
[35m[HTTP][39m [37m<-- POST /wd/hub/session [39m[32m200[39m [90m33197 ms - 741[39m
[35m[HTTP][39m [90m[39m
[35m[HTTP][39m [37m-->[39m [37mGET[39m [37m/wd/hub/status[39m
[35m[HTTP][39m [90m{}[39m
[35m[HTTP][39m [37m<-- GET /wd/hub/status [39m[32m200[39m [90m47 ms - 39[39m
[35m[HTTP][39m [90m[39m
[35m[HTTP][39m [37m-->[39m [37mPOST[39m [37m/wd/hub/session/d6fcb1e7-34ed-4dad-ab81-c2f551206646/timeouts[39m
[35m[HTTP][39m [90m{"implicit":30000}[39m
[35m[W3C][39m Driver proxy active, passing request on via HTTP proxy
[35m[JSONWP Proxy][39m Replacing sessionId 14eeba7bff70475121d9a865256deb90 with d6fcb1e7-34ed-4dad-ab81-c2f551206646
[35m[HTTP][39m [37m<-- POST /wd/hub/session/d6fcb1e7-34ed-4dad-ab81-c2f551206646/timeouts [39m[32m200[39m [90m10 ms - 76[39m
[35m[HTTP][39m [90m[39m
[35m[HTTP][39m [37m-->[39m [37mPOST[39m [37m/wd/hub/session/d6fcb1e7-34ed-4dad-ab81-c2f551206646/timeouts[39m
[35m[HTTP][39m [90m{"implicit":0}[39m
[35m[W3C][39m Driver proxy active, passing request on via HTTP proxy
[35m[JSONWP Proxy][39m Replacing sessionId 14eeba7bff70475121d9a865256deb90 with d6fcb1e7-34ed-4dad-ab81-c2f551206646
[35m[HTTP][39m [37m<-- POST /wd/hub/session/d6fcb1e7-34ed-4dad-ab81-c2f551206646/timeouts [39m[32m200[39m [90m5 ms - 76[39m
[35m[HTTP][39m [90m[39m
[35m[HTTP][39m [37m-->[39m [37mPOST[39m [37m/wd/hub/session/d6fcb1e7-34ed-4dad-ab81-c2f551206646/execute/sync[39m
[35m[HTTP][39m [90m{"script":"return navigator.sayswho= (function() { var ua= navigator.userAgent, tem, M= ua.match(/(opera|chrome|safari|firefox|msie|trident)\\/?\\s*(\\.?\\d+(\\.\\d+)*)/i) || []; if (/trident/i.test(M[1])) {     tem=  /\\brv[ :]+(\\d+)/g.exec(ua) || [];     return 'IE '+(tem[1] || ''); } if(M[1]=== 'Chrome') {     tem= ua.match(/\\b(OPR|Edge)\\/(\\d+)/);     if(tem!= null) return tem.slice(1).join(' ').replace('OPR', 'Opera'); } M= M[2]? [M[1], M[2]]: [navigator.appName, navigator.appVersion, '-?']; if((tem= ua.match(/version\\/(\\d+)/i))!= null) M.splice(1, 1, tem[1]); return M.join(' ').replace('MSIE', 'IE');})();","args":[]}[39m
[35m[W3C][39m Driver proxy active, passing request on via HTTP proxy
[35m[JSONWP Proxy][39m Rewrote the original URL '/wd/hub/session/d6fcb1e7-34ed-4dad-ab81-c2f551206646/execute/sync' to '/wd/hub/session/d6fcb1e7-34ed-4dad-ab81-c2f551206646/execute' for MJSONWP protocol
[35m[JSONWP Proxy][39m Replacing sessionId 14eeba7bff70475121d9a865256deb90 with d6fcb1e7-34ed-4dad-ab81-c2f551206646
[35m[HTTP][39m [37m<-- POST /wd/hub/session/d6fcb1e7-34ed-4dad-ab81-c2f551206646/execute/sync [39m[32m200[39m [90m55 ms - 94[39m
[35m[HTTP][39m [90m[39m
[35m[HTTP][39m [37m-->[39m [37mPOST[39m [37m/wd/hub/session/d6fcb1e7-34ed-4dad-ab81-c2f551206646/url[39m
[35m[HTTP][39m [90m{"url":"https://cloudtest.fitbulut.com/#/kullanici/giris"}[39m
[35m[W3C][39m Driver proxy active, passing request on via HTTP proxy
[35m[JSONWP Proxy][39m Replacing sessionId 14eeba7bff70475121d9a865256deb90 with d6fcb1e7-34ed-4dad-ab81-c2f551206646
[35m[HTTP][39m [37m<-- POST /wd/hub/session/d6fcb1e7-34ed-4dad-ab81-c2f551206646/url [39m[32m200[39m [90m2493 ms - 76[39m
[35m[HTTP][39m [90m[39m
[35m[HTTP][39m [37m-->[39m [37mPOST[39m [37m/wd/hub/session/d6fcb1e7-34ed-4dad-ab81-c2f551206646/elements[39m
[35m[HTTP][39m [90m{"value":"//input[@id='inputEmail3']","using":"xpath"}[39m
[35m[W3C][39m Driver proxy active, passing request on via HTTP proxy
[35m[JSONWP Proxy][39m Replacing sessionId 14eeba7bff70475121d9a865256deb90 with d6fcb1e7-34ed-4dad-ab81-c2f551206646
[35m[HTTP][39m [37m<-- POST /wd/hub/session/d6fcb1e7-34ed-4dad-ab81-c2f551206646/elements [39m[32m200[39m [90m29 ms - 108[39m
[35m[HTTP][39m [90m[39m
[35m[HTTP][39m [37m-->[39m [37mGET[39m [37m/wd/hub/session/d6fcb1e7-34ed-4dad-ab81-c2f551206646/screenshot[39m
[35m[HTTP][39m [90m{}[39m
[35m[W3C][39m Driver proxy active, passing request on via HTTP proxy
[35m[JSONWP Proxy][39m Replacing sessionId 14eeba7bff70475121d9a865256deb90 with d6fcb1e7-34ed-4dad-ab81-c2f551206646
[35m[HTTP][39m [37m<-- GET /wd/hub/session/d6fcb1e7-34ed-4dad-ab81-c2f551206646/screenshot [39m[32m200[39m [90m539 ms - 305122[39m
[35m[HTTP][39m [90m[39m
[35m[HTTP][39m [37m-->[39m [37mDELETE[39m [37m/wd/hub/session/d6fcb1e7-34ed-4dad-ab81-c2f551206646[39m
[35m[HTTP][39m [90m{}[39m
[35m[Appium][39m Removing session d6fcb1e7-34ed-4dad-ab81-c2f551206646 from our master session list
[35m[ADB][39m No uiautomator process found to kill, continuing...
[35m[HTTP][39m [37m<-- DELETE /wd/hub/session/d6fcb1e7-34ed-4dad-ab81-c2f551206646 [39m[32m200[39m [90m826 ms - 14[39m
[35m[HTTP][39m [90m[39m
